<?xml version="1.0" encoding="UTF-8"?>
<!-- Generated by org.testng.reporters.JUnitReportReporter -->
<testsuite hostname="DESKTOP-P7V8EE3" failures="0" tests="1" name="maven.maven.AppTest" time="12.947" errors="0" timestamp="2024-07-02T15:48:52 IST" skipped="0">
  <testcase classname="maven.maven.AppTest" name="shouldAnswerWithTrue" time="12.947"/>
  <system-out/>
</testsuite> <!-- maven.maven.AppTest -->
